# vsim -vopt work.hvl_top work.hdl_top -voptargs="+acc=npr" -assertdebug "+UVM_TESTNAME=apb_8b" "+UVM_VERBOSITY=UVM_MEDIUM" "+define+" -l apb_8b/apb_8b.log -sva -coverage -c -do "log -r /*; add wave -r /*; coverage save -onexit -assert -directive -cvg -codeAll apb_8b/apb_8b_coverage.ucdb; run -all; exit" -wlf apb_8b/waveform.wlf 
# Start time: 02:43:19 on Dec 01,2021
# ** Note: (vsim-3812) Design is being optimized...
# //  Questa Sim
# //  Version 10.6c linux Jul 25 2017
# //
# //  Copyright 1991-2017 Mentor Graphics Corporation
# //  All Rights Reserved.
# //
# //  QuestaSim and its associated documentation contain trade
# //  secrets and commercial or financial information that are the property of
# //  Mentor Graphics Corporation and are privileged, confidential,
# //  and exempt from disclosure under the Freedom of Information Act,
# //  5 U.S.C. Section 552. Furthermore, this information
# //  is prohibited from disclosure under the Trade Secrets Act,
# //  18 U.S.C. Section 1905.
# //
# Loading sv_std.std
# Loading work.apb_slave_driver_bfm(fast)
# Loading work.apb_slave_monitor_bfm(fast)
# Loading work.apb_global_pkg(fast)
# Loading mtiUvm.uvm_pkg
# Loading work.apb_slave_pkg(fast)
# Loading work.apb_slave_seq_pkg(fast)
# Loading work.apb_master_driver_bfm(fast)
# Loading work.apb_master_monitor_bfm(fast)
# Loading work.apb_master_pkg(fast)
# Loading work.apb_master_seq_pkg(fast)
# Loading work.apb_env_pkg(fast)
# Loading work.apb_virtual_seq_pkg(fast)
# Loading work.apb_base_test_pkg(fast)
# Loading work.hvl_top(fast)
# Loading work.hdl_top(fast)
# Loading work.apb_if(fast)
# Loading work.apb_master_agent_bfm(fast)
# Loading work.apb_master_driver_bfm(fast)
# Loading work.apb_master_monitor_bfm(fast)
# Loading work.apb_slave_agent_bfm(fast)
# Loading work.apb_slave_driver_bfm(fast)
# Loading work.apb_slave_monitor_bfm(fast)
# Loading mtiUvm.questa_uvm_pkg(fast)
# Loading /tools/mentor/questasim_10.6c/questasim/uvm-1.1d/linux/uvm_dpi.so
# log -r /*
#  add wave -r /*
#  coverage save -onexit -assert -directive -cvg -codeAll apb_8b/apb_8b_coverage.ucdb
#  run -all
# ----------------------------------------------------------------
# UVM-1.1d
# (C) 2007-2013 Mentor Graphics Corporation
# (C) 2007-2013 Cadence Design Systems, Inc.
# (C) 2006-2013 Synopsys, Inc.
# (C) 2011-2013 Cypress Semiconductor Corp.
# ----------------------------------------------------------------
# 
#   ***********       IMPORTANT RELEASE NOTES         ************
# 
#   You are using a version of the UVM library that has been compiled
#   with `UVM_NO_DEPRECATED undefined.
#   See http://www.eda.org/svdb/view.php?id=3313 for more details.
# 
#   You are using a version of the UVM library that has been compiled
#   with `UVM_OBJECT_MUST_HAVE_CONSTRUCTOR undefined.
#   See http://www.eda.org/svdb/view.php?id=3770 for more details.
# 
#       (Specify +UVM_NO_RELNOTES to turn off this notice)
# 
# UVM_INFO verilog_src/questa_uvm_pkg-1.2/src/questa_uvm_pkg.sv(215) @ 0: reporter [Questa UVM] QUESTA_UVM-1.2.3
# UVM_INFO verilog_src/questa_uvm_pkg-1.2/src/questa_uvm_pkg.sv(217) @ 0: reporter [Questa UVM]  questa_uvm::init(+struct)
# UVM_WARNING @ 0: reporter [BDTYP] Cannot create a component of type 'apb_8b' because it is not registered with the factory.
# UVM_FATAL @ 0: reporter [INVTST] Requested test from command line +UVM_TESTNAME=apb_8b not found.
# 
# --- UVM Report Summary ---
# 
# ** Report counts by severity
# UVM_INFO :    2
# UVM_WARNING :    1
# UVM_ERROR :    0
# UVM_FATAL :    1
# ** Report counts by id
# [BDTYP]     1
# [INVTST]     1
# [Questa UVM]     2
# ** Note: $finish    : /tools/mentor/questasim_10.6c/questasim/linux/../verilog_src/uvm-1.1d/src/base/uvm_report_object.svh(292)
#    Time: 0 ns  Iteration: 0  Instance: /hvl_top
# Saving coverage database on exit...
# End time: 02:43:23 on Dec 01,2021, Elapsed time: 0:00:04
# Errors: 0, Warnings: 0
